<?xml version="1.0" encoding="UTF-8"?>
<!-- Generated by org.testng.reporters.JUnitXMLReporter -->
<testsuite ignored="4" hostname="DESKTOP-HGCGENQ" failures="0" tests="6" name="Test" time="10.676" errors="0" timestamp="2023-08-08T21:34:41 IST">
  <testcase classname="com.banking.obs.testNg.ApplyDebitCardDemo" name="approveDebitcard" time="0.035"/>
  <testcase classname="com.banking.obs.testNg.InternetBankingDemo" name="registerForInternetBanking" time="0.01"/>
  <testcase classname="com.banking.obs.testNg.InternetBankingDemo" name="addBeneficiery" time="0.008"/>
  <testcase classname="com.banking.obs.testNg.InternetBankingDemo" name="viewBeneficiery" time="0.008"/>
  <testcase classname="com.banking.obs.testNg.InternetBankingDemo" name="deleteBeneficiery" time="0.008"/>
  <testcase classname="com.banking.obs.testNg.InternetBankingDemo" name="fundsTransfer" time="0.011"/>
  <testcase classname="com.banking.obs.testNg.ApplyDebitCardDemo" name="deactiveteDebitcard" time="0.0">
    <ignored/>
  </testcase> <!-- deactiveteDebitcard -->
  <testcase classname="com.banking.obs.testNg.ApplyDebitCardDemo" name="applyDebitcard" time="0.0">
    <ignored/>
  </testcase> <!-- applyDebitcard -->
  <testcase classname="com.banking.obs.testNg.InternetBankingDemo" name="loginToInternetBanking" time="0.0">
    <ignored/>
  </testcase> <!-- loginToInternetBanking -->
  <testcase classname="com.banking.obs.testNg.ApplyDebitCardDemo" name="reapplyForDebitcard" time="0.0">
    <ignored/>
  </testcase> <!-- reapplyForDebitcard -->
</testsuite> <!-- Test -->
